<?xml version="1.0" encoding="UTF-8" standalone="no"?>
<testsuite failures="0" name="cucumber.runtime.formatter.JUnitFormatter" skipped="0" tests="3" time="35.578916">
<testcase classname="To validate Login functionality of Facebook application" name="_2" time="16.106884">
<system-out><![CDATA[Given User have to enter facebook through chrome Browser....................passed
When User have to enter invalid email and valid password....................passed
And User have to click login button.........................................passed
Then user have to show credentials page.....................................passed
]]></system-out>
</testcase>
<testcase classname="To validate Login functionality of Facebook application" name="_3" time="13.359884">
<system-out><![CDATA[Given User have to enter facebook through chrome Browser....................passed
When User have to enter valid emailadd and valid password...................passed
And User have to click login button.........................................passed
Then user have to show credentials page.....................................passed
]]></system-out>
</testcase>
<testcase classname="To validate Forgot Password functionality of Facebook application" name="To validate forget password" time="6.112148">
<system-out><![CDATA[Given User have to enter facebook through chrome Browser....................passed
And user have to click forgot password......................................passed
When user have to enter email or phone number...............................passed
And User have to click login button.........................................passed
Then user have to show credentials page.....................................passed
]]></system-out>
</testcase>
</testsuite>
